[    0.000000] Initializing cgroup subsys cpuset
[    0.000000] Initializing cgroup subsys cpu
[    0.000000] Initializing cgroup subsys cpuacct
[    0.000000] Linux version 4.4.0-97-generic (buildd@lcy01-33) (gcc version 5.4.0 20160609 (Ubuntu 5.4.0-6ubuntu1~16.04.4) ) #120-Ubuntu SMP Tue Sep 19 17:28:18 UTC 2017 (Ubuntu 4.4.0-97.120-generic 4.4.87)
[    0.000000] Command line: BOOT_IMAGE=/boot/vmlinuz-4.4.0-97-generic root=LABEL=cloudimg-rootfs ro console=tty1 console=ttyS0
[    0.000000] KERNEL supported cpus:
[    0.000000]   Intel GenuineIntel
[    0.000000]   AMD AuthenticAMD
[    0.000000]   Centaur CentaurHauls
[    0.000000] x86/fpu: xstate_offset[2]:  576, xstate_sizes[2]:  256
[    0.000000] x86/fpu: Supporting XSAVE feature 0x01: 'x87 floating point registers'
[    0.000000] x86/fpu: Supporting XSAVE feature 0x02: 'SSE registers'
[    0.000000] x86/fpu: Supporting XSAVE feature 0x04: 'AVX registers'
[    0.000000] x86/fpu: Enabled xstate features 0x7, context size is 832 bytes, using 'standard' format.
[    0.000000] x86/fpu: Using 'lazy' FPU context switches.
[    0.000000] e820: BIOS-provided physical RAM map:
[    0.000000] BIOS-e820: [mem 0x0000000000000000-0x000000000009fbff] usable
[    0.000000] BIOS-e820: [mem 0x000000000009fc00-0x000000000009ffff] reserved
[    0.000000] BIOS-e820: [mem 0x00000000000f0000-0x00000000000fffff] reserved
[    0.000000] BIOS-e820: [mem 0x0000000000100000-0x000000003ffeffff] usable
[    0.000000] BIOS-e820: [mem 0x000000003fff0000-0x000000003fffffff] ACPI data
[    0.000000] BIOS-e820: [mem 0x00000000fec00000-0x00000000fec00fff] reserved
[    0.000000] BIOS-e820: [mem 0x00000000fee00000-0x00000000fee00fff] reserved
[    0.000000] BIOS-e820: [mem 0x00000000fffc0000-0x00000000ffffffff] reserved
[    0.000000] NX (Execute Disable) protection: active
[    0.000000] SMBIOS 2.5 present.
[    0.000000] Hypervisor detected: KVM
[    0.000000] e820: last_pfn = 0x3fff0 max_arch_pfn = 0x400000000
[    0.000000] MTRR: Disabled
[    0.000000] x86/PAT: MTRRs disabled, skipping PAT initialization too.
[    0.000000] CPU MTRRs all blank - virtualized system.
[    0.000000] x86/PAT: Configuration [0-7]: WB  WT  UC- UC  WB  WT  UC- UC  
[    0.000000] found SMP MP-table at [mem 0x0009fff0-0x0009ffff] mapped at [ffff88000009fff0]
[    0.000000] Scanning 1 areas for low memory corruption
[    0.000000] RAMDISK: [mem 0x36adc000-0x37565fff]
[    0.000000] ACPI: Early table checksum verification disabled
[    0.000000] ACPI: RSDP 0x00000000000E0000 000024 (v02 VBOX  )
[    0.000000] ACPI: XSDT 0x000000003FFF0030 00003C (v01 VBOX   VBOXXSDT 00000001 ASL  00000061)
[    0.000000] ACPI: FACP 0x000000003FFF00F0 0000F4 (v04 VBOX   VBOXFACP 00000001 ASL  00000061)
[    0.000000] ACPI: DSDT 0x000000003FFF0470 0021FF (v02 VBOX   VBOXBIOS 00000002 INTL 20100528)
[    0.000000] ACPI: FACS 0x000000003FFF0200 000040
[    0.000000] ACPI: FACS 0x000000003FFF0200 000040
[    0.000000] ACPI: APIC 0x000000003FFF0240 00005C (v02 VBOX   VBOXAPIC 00000001 ASL  00000061)
[    0.000000] ACPI: SSDT 0x000000003FFF02A0 0001CC (v01 VBOX   VBOXCPUT 00000002 INTL 20100528)
[    0.000000] No NUMA configuration found
[    0.000000] Faking a node at [mem 0x0000000000000000-0x000000003ffeffff]
[    0.000000] NODE_DATA(0) allocated [mem 0x3ffeb000-0x3ffeffff]
[    0.000000] kvm-clock: Using msrs 4b564d01 and 4b564d00
[    0.000000] kvm-clock: cpu 0, msr 0:3ffe3001, primary cpu clock
[    0.000000] kvm-clock: using sched offset of 3437593099 cycles
[    0.000000] clocksource: kvm-clock: mask: 0xffffffffffffffff max_cycles: 0x1cd42e4dffb, max_idle_ns: 881590591483 ns
[    0.000000] Zone ranges:
[    0.000000]   DMA      [mem 0x0000000000001000-0x0000000000ffffff]
[    0.000000]   DMA32    [mem 0x0000000001000000-0x000000003ffeffff]
[    0.000000]   Normal   empty
[    0.000000]   Device   empty
[    0.000000] Movable zone start for each node
[    0.000000] Early memory node ranges
[    0.000000]   node   0: [mem 0x0000000000001000-0x000000000009efff]
[    0.000000]   node   0: [mem 0x0000000000100000-0x000000003ffeffff]
[    0.000000] Initmem setup node 0 [mem 0x0000000000001000-0x000000003ffeffff]
[    0.000000] ACPI: PM-Timer IO Port: 0x4008
[    0.000000] IOAPIC[0]: apic_id 2, version 32, address 0xfec00000, GSI 0-23
[    0.000000] ACPI: INT_SRC_OVR (bus 0 bus_irq 0 global_irq 2 dfl dfl)
[    0.000000] ACPI: INT_SRC_OVR (bus 0 bus_irq 9 global_irq 9 high level)
[    0.000000] Using ACPI (MADT) for SMP configuration information
[    0.000000] smpboot: Allowing 2 CPUs, 0 hotplug CPUs
[    0.000000] PM: Registered nosave memory: [mem 0x00000000-0x00000fff]
[    0.000000] PM: Registered nosave memory: [mem 0x0009f000-0x0009ffff]
[    0.000000] PM: Registered nosave memory: [mem 0x000a0000-0x000effff]
[    0.000000] PM: Registered nosave memory: [mem 0x000f0000-0x000fffff]
[    0.000000] e820: [mem 0x40000000-0xfebfffff] available for PCI devices
[    0.000000] Booting paravirtualized kernel on KVM
[    0.000000] clocksource: refined-jiffies: mask: 0xffffffff max_cycles: 0xffffffff, max_idle_ns: 7645519600211568 ns
[    0.000000] setup_percpu: NR_CPUS:512 nr_cpumask_bits:512 nr_cpu_ids:2 nr_node_ids:1
[    0.000000] PERCPU: Embedded 34 pages/cpu @ffff88003fc00000 s98328 r8192 d32744 u1048576
[    0.000000] PV qspinlock hash table entries: 256 (order: 0, 4096 bytes)
[    0.000000] Built 1 zonelists in Node order, mobility grouping on.  Total pages: 257913
[    0.000000] Policy zone: DMA32
[    0.000000] Kernel command line: BOOT_IMAGE=/boot/vmlinuz-4.4.0-97-generic root=LABEL=cloudimg-rootfs ro console=tty1 console=ttyS0
[    0.000000] PID hash table entries: 4096 (order: 3, 32768 bytes)
[    0.000000] Memory: 1001772K/1048120K available (8480K kernel code, 1294K rwdata, 3984K rodata, 1492K init, 1316K bss, 46348K reserved, 0K cma-reserved)
[    0.000000] SLUB: HWalign=64, Order=0-3, MinObjects=0, CPUs=2, Nodes=1
[    0.000000] Hierarchical RCU implementation.
[    0.000000] 	Build-time adjustment of leaf fanout to 64.
[    0.000000] 	RCU restricting CPUs from NR_CPUS=512 to nr_cpu_ids=2.
[    0.000000] RCU: Adjusting geometry for rcu_fanout_leaf=64, nr_cpu_ids=2
[    0.000000] NR_IRQS:33024 nr_irqs:440 16
[    0.000000] Console: colour VGA+ 80x25
[    0.000000] console [tty1] enabled
[    0.000000] console [ttyS0] enabled
[    0.000000] tsc: Detected 3468.228 MHz processor
[    4.428702] Calibrating delay loop (skipped) preset value.. 6936.45 BogoMIPS (lpj=13872912)
[    4.586116] pid_max: default: 32768 minimum: 301
[    4.660296] ACPI: Core revision 20150930
[    4.730401] ACPI: 2 ACPI AML tables successfully acquired and loaded
[    4.835351] Security Framework initialized
[    4.900758] Yama: becoming mindful.
[    4.971125] AppArmor: AppArmor initialized
[    5.033763] Dentry cache hash table entries: 131072 (order: 8, 1048576 bytes)
[    5.124049] Inode-cache hash table entries: 65536 (order: 7, 524288 bytes)
[    5.195457] Mount-cache hash table entries: 2048 (order: 2, 16384 bytes)
[    5.315270] Mountpoint-cache hash table entries: 2048 (order: 2, 16384 bytes)
[    5.412241] Initializing cgroup subsys io
[    5.466744] Initializing cgroup subsys memory
[    5.534205] Initializing cgroup subsys devices
[    5.616314] Initializing cgroup subsys freezer
[    5.616947] Initializing cgroup subsys net_cls
[    5.683065] Initializing cgroup subsys perf_event
[    5.789372] Initializing cgroup subsys net_prio
[    5.856782] Initializing cgroup subsys hugetlb
[    5.894078] Initializing cgroup subsys pids
[    5.894744] CPU: Physical Processor ID: 0
[    5.895277] CPU: Processor Core ID: 0
[    5.896571] mce: CPU supports 0 MCE banks
[    5.897116] Last level iTLB entries: 4KB 1024, 2MB 1024, 4MB 1024
[    5.909611] Last level dTLB entries: 4KB 1024, 2MB 1024, 4MB 1024, 1GB 4
[    5.911845] Freeing SMP alternatives memory: 32K
[    5.924878] ftrace: allocating 32148 entries in 126 pages
[    5.956264] smpboot: APIC(0) Converting physical 0 to logical package 0
[    5.962779] smpboot: Max logical packages: 1
[    5.974313] x2apic enabled
[    5.978112] Switched APIC routing to physical x2apic.
[    5.979610] ..TIMER: vector=0x30 apic1=0 pin1=2 apic2=-1 pin2=-1
[    6.185936] smpboot: CPU0: Intel(R) Core(TM) i7-4770 CPU @ 3.40GHz (family: 0x6, model: 0x3c, stepping: 0x3)
[    6.390422] Performance Events: unsupported p6 CPU model 60 no PMU driver, software events only.
[    6.555908] KVM setup paravirtual spinlock
[    6.632458] x86: Booting SMP configuration:
[    6.705240] .... node  #0, CPUs:      #1
[    6.764757] kvm-clock: cpu 1, msr 0:3ffe3041, secondary cpu clock
[    6.925697] mce: CPU supports 0 MCE banks
[    6.935594] x86: Booted up 1 node, 2 CPUs
[    6.936316] smpboot: Total of 2 processors activated (13872.91 BogoMIPS)
[    6.937425] devtmpfs: initialized
[    6.963557] evm: security.selinux
[    6.964086] evm: security.SMACK64
[    6.966165] evm: security.SMACK64EXEC
[    7.032712] evm: security.SMACK64TRANSMUTE
[    7.101178] evm: security.SMACK64MMAP
[    7.158807] evm: security.ima
[    7.224308] evm: security.capability
[    7.273297] clocksource: jiffies: mask: 0xffffffff max_cycles: 0xffffffff, max_idle_ns: 7645041785100000 ns
[    7.414181] futex hash table entries: 512 (order: 3, 32768 bytes)
[    7.545098] pinctrl core: initialized pinctrl subsystem
[    7.633024] RTC time: 15:25:40, date: 10/19/17
[    7.730505] NET: Registered protocol family 16
[    7.795857] cpuidle: using governor ladder
[    7.881881] cpuidle: using governor menu
[    7.960410] PCCT header not found.
[    8.024902] ACPI: bus type PCI registered
[    8.100112] acpiphp: ACPI Hot Plug PCI Controller Driver version: 0.5
[    8.148473] PCI: Using configuration type 1 for base access
[    8.171811] ACPI: Added _OSI(Module Device)
[    8.278038] ACPI: Added _OSI(Processor Device)
[    8.375757] ACPI: Added _OSI(3.0 _SCP Extensions)
[    8.463767] ACPI: Added _OSI(Processor Aggregator Device)
[    8.568904] ACPI: Executed 1 blocks of module-level executable AML code
[    8.705706] ACPI: Interpreter enabled
[    8.773099] ACPI: (supports S0 S5)
[    8.850842] ACPI: Using IOAPIC for interrupt routing
[    8.944910] PCI: Using host bridge windows from ACPI; if necessary, use "pci=nocrs" and report a bug
[    9.048124] ACPI: PCI Root Bridge [PCI0] (domain 0000 [bus 00-ff])
[    9.048872] acpi PNP0A03:00: _OSC: OS supports [ASPM ClockPM Segments MSI]
[    9.127602] acpi PNP0A03:00: _OSC: not requesting OS control; OS requires [ExtendedConfig ASPM ClockPM MSI]
[    9.128864] acpi PNP0A03:00: fail to add MMCONFIG information, can't access extended PCI configuration space under this bridge.
[    9.130540] PCI host bridge to bus 0000:00
[    9.131114] pci_bus 0000:00: root bus resource [io  0x0000-0x0cf7 window]
[    9.138733] pci_bus 0000:00: root bus resource [io  0x0d00-0xffff window]
[    9.139554] pci_bus 0000:00: root bus resource [mem 0x000a0000-0x000bffff window]
[    9.140608] pci_bus 0000:00: root bus resource [mem 0x40000000-0xffdfffff window]
[    9.141633] pci_bus 0000:00: root bus resource [bus 00-ff]
[    9.195249] pci 0000:00:01.1: legacy IDE quirk: reg 0x10: [io  0x01f0-0x01f7]
[    9.264527] pci 0000:00:01.1: legacy IDE quirk: reg 0x14: [io  0x03f6]
[    9.267272] pci 0000:00:01.1: legacy IDE quirk: reg 0x18: [io  0x0170-0x0177]
[    9.268186] pci 0000:00:01.1: legacy IDE quirk: reg 0x1c: [io  0x0376]
[    9.280418] pci 0000:00:07.0: quirk: [io  0x4000-0x403f] claimed by PIIX4 ACPI
[    9.342996] pci 0000:00:07.0: quirk: [io  0x4100-0x410f] claimed by PIIX4 SMB
[    9.349946] ACPI: PCI Interrupt Link [LNKA] (IRQs 5 9 10 *11)
[    9.400741] ACPI: PCI Interrupt Link [LNKB] (IRQs 5 9 10 *11)
[    9.488313] ACPI: PCI Interrupt Link [LNKC] (IRQs 5 9 *10 11)
[    9.528016] ACPI: PCI Interrupt Link [LNKD] (IRQs 5 *9 10 11)
[    9.592904] ACPI: Enabled 2 GPEs in block 00 to 07
[    9.649626] vgaarb: setting as boot device: PCI:0000:00:02.0
[    9.692694] vgaarb: device added: PCI:0000:00:02.0,decodes=io+mem,owns=io+mem,locks=none
[    9.798285] vgaarb: loaded
[    9.808820] vgaarb: bridge control possible 0000:00:02.0
[    9.878654] SCSI subsystem initialized
[    9.933094] ACPI: bus type USB registered
[    9.952709] usbcore: registered new interface driver usbfs
[    9.953488] usbcore: registered new interface driver hub
[    9.954213] usbcore: registered new device driver usb
[   10.040732] PCI: Using ACPI for IRQ routing
[   10.084680] NetLabel: Initializing
[   10.106901] NetLabel:  domain hash size = 128
[   10.150927] NetLabel:  protocols = UNLABELED CIPSOv4
[   10.173347] NetLabel:  unlabeled traffic allowed by default
[   10.248867] amd_nb: Cannot enumerate AMD northbridges
[   10.342598] clocksource: Switched to clocksource kvm-clock
[   10.449436] AppArmor: AppArmor Filesystem Enabled
[   10.588017] pnp: PnP ACPI init
[   10.670514] pnp: PnP ACPI: found 3 devices
[   10.792420] clocksource: acpi_pm: mask: 0xffffff max_cycles: 0xffffff, max_idle_ns: 2085701024 ns
[   10.898645] NET: Registered protocol family 2
[   11.003580] TCP established hash table entries: 8192 (order: 4, 65536 bytes)
[   11.135561] TCP bind hash table entries: 8192 (order: 5, 131072 bytes)
[   11.302518] TCP: Hash tables configured (established 8192 bind 8192)
[   11.474546] UDP hash table entries: 512 (order: 2, 16384 bytes)
[   11.608507] UDP-Lite hash table entries: 512 (order: 2, 16384 bytes)
[   11.609331] NET: Registered protocol family 1
[   11.609905] pci 0000:00:00.0: Limiting direct PCI/PCI transfers
[   11.653646] pci 0000:00:01.0: Activating ISA DMA hang workarounds
[   11.659156] Unpacking initramfs...
[   13.113860] Freeing initrd memory: 10792K
[   13.122105] RAPL PMU detected, API unit is 2^-32 Joules, 4 fixed counters 10737418240 ms ovfl timer
[   13.129320] hw unit of domain pp0-core 2^-0 Joules
[   13.129945] hw unit of domain package 2^-0 Joules
[   13.146006] hw unit of domain dram 2^-0 Joules
[   13.181215] hw unit of domain pp1-gpu 2^-0 Joules
[   13.222367] platform rtc_cmos: registered platform RTC device (no PNP device found)
[   13.303700] Scanning for low memory corruption every 60 seconds
[   13.401669] audit: initializing netlink subsys (disabled)
[   13.487161] audit: type=2000 audit(1508426741.601:1): initialized
[   13.488158] Initialise system trusted keyring
[   13.488911] HugeTLB registered 2 MB page size, pre-allocated 0 pages
[   13.532305] zbud: loaded
[   13.533122] VFS: Disk quotas dquot_6.6.0
[   13.559450] VFS: Dquot-cache hash table entries: 512 (order 0, 4096 bytes)
[   13.560576] squashfs: version 4.0 (2009/01/31) Phillip Lougher
[   13.586218] fuse init (API version 7.23)
[   13.666161] Key type big_key registered
[   13.719796] Allocating IMA MOK and blacklist keyrings.
[   13.764952] Key type asymmetric registered
[   13.817549] Asymmetric key parser 'x509' registered
[   13.903552] Block layer SCSI generic (bsg) driver version 0.4 loaded (major 249)
[   14.007746] io scheduler noop registered
[   14.056685] io scheduler deadline registered (default)
[   14.057454] io scheduler cfq registered
[   14.059370] pci_hotplug: PCI Hot Plug PCI Core version: 0.5
[   14.067830] pciehp: PCI Express Hot Plug Controller Driver version: 0.4
[   14.076634] ACPI: AC Adapter [AC] (on-line)
[   14.077305] input: Power Button as /devices/LNXSYSTM:00/LNXPWRBN:00/input/input0
[   14.078412] ACPI: Power Button [PWRF]
[   14.080383] input: Sleep Button as /devices/LNXSYSTM:00/LNXSLPBN:00/input/input1
[   14.081568] ACPI: Sleep Button [SLPF]
[   14.082336] GHES: HEST is not enabled!
[   14.084128] Serial: 8250/16550 driver, 32 ports, IRQ sharing enabled
[   14.106758] 00:02: ttyS0 at I/O 0x3f8 (irq = 4, base_baud = 115200) is a 16550A
[   14.124238] Linux agpgart interface v0.103
[   14.140820] loop: module loaded
[   14.187615] scsi host0: ata_piix
[   14.208891] scsi host1: ata_piix
[   14.226255] tsc: Refined TSC clocksource calibration: 3466.583 MHz
[   14.235920] clocksource: tsc: mask: 0xffffffffffffffff max_cycles: 0x31f8019f5d8, max_idle_ns: 440795345949 ns
[   14.235990] ata1: PATA max UDMA/33 cmd 0x1f0 ctl 0x3f6 bmdma 0xd000 irq 14
[   14.235991] ata2: PATA max UDMA/33 cmd 0x170 ctl 0x376 bmdma 0xd008 irq 15
[   14.236286] libphy: Fixed MDIO Bus: probed
[   14.236288] tun: Universal TUN/TAP device driver, 1.6
[   14.236288] tun: (C) 1999-2004 Max Krasnyansky <maxk@qualcomm.com>
[   14.236331] PPP generic driver version 2.4.2
[   14.236375] ehci_hcd: USB 2.0 'Enhanced' Host Controller (EHCI) Driver
[   14.236380] ehci-pci: EHCI PCI platform driver
[   14.236386] ehci-platform: EHCI generic platform driver
[   14.236392] ohci_hcd: USB 1.1 'Open' Host Controller (OHCI) Driver
[   14.236395] ohci-pci: OHCI PCI platform driver
[   14.236401] ohci-platform: OHCI generic platform driver
[   14.236407] uhci_hcd: USB Universal Host Controller Interface driver
[   14.236452] i8042: PNP: PS/2 Controller [PNP0303:PS2K,PNP0f03:PS2M] at 0x60,0x64 irq 1,12
[   14.236841] serio: i8042 KBD port at 0x60,0x64 irq 1
[   14.236844] serio: i8042 AUX port at 0x60,0x64 irq 12
[   14.236921] mousedev: PS/2 mouse device common for all mice
[   14.237114] input: AT Translated Set 2 keyboard as /devices/platform/i8042/serio0/input/input2
[   14.237408] rtc_cmos rtc_cmos: rtc core: registered rtc_cmos as rtc0
[   14.237448] rtc_cmos rtc_cmos: alarms up to one day, 114 bytes nvram
[   14.237453] i2c /dev entries driver
[   14.237491] device-mapper: uevent: version 1.0.3
[   14.237552] device-mapper: ioctl: 4.34.0-ioctl (2015-10-28) initialised: dm-devel@redhat.com
[   14.237564] ledtrig-cpu: registered to indicate activity on CPUs
[   14.237948] NET: Registered protocol family 10
[   14.238056] NET: Registered protocol family 17
[   14.238062] Key type dns_resolver registered
[   14.238155] microcode: CPU0 sig=0x306c3, pf=0x40, revision=0x0
[   14.256265] microcode: CPU1 sig=0x306c3, pf=0x40, revision=0x0
[   14.256396] microcode: Microcode Update Driver: v2.01 <tigran@aivazian.fsnet.co.uk>, Peter Oruba
[   14.256544] registered taskstats version 1
[   14.256559] Loading compiled-in X.509 certificates
[   14.257280] Loaded X.509 cert 'Build time autogenerated kernel key: d1010f9627fd9242df4b03365d2931dfd1ad3d42'
[   14.257303] zswap: loaded using pool lzo/zbud
[   14.258774] Key type trusted registered
[   14.261051] Key type encrypted registered
[   14.261066] AppArmor: AppArmor sha1 policy hashing enabled
[   14.261069] ima: No TPM chip found, activating TPM-bypass!
[   14.261095] evm: HMAC attrs: 0x1
[   14.261348]   Magic number: 5:418:437
[   14.268405] rtc_cmos rtc_cmos: setting system clock to 2017-10-19 15:25:46 UTC (1508426746)
[   14.268496] BIOS EDD facility v0.16 2004-Jun-25, 0 devices found
[   14.268497] EDD information not available.
[   15.549437] Freeing unused kernel memory: 1492K
[   15.640595] Write protecting the kernel read-only data: 14336k
[   15.792699] Freeing unused kernel memory: 1748K
[   15.934111] Freeing unused kernel memory: 112K
Loading, please [   16.060059] random: systemd-udevd: uninitialized urandom read (16 bytes read, 3 bits of entropy available)
wait...
startin[   16.060495] random: udevadm: uninitialized urandom read (16 bytes read, 3 bits of entropy available)
g version 229
[   16.060519] random: udevadm: uninitialized urandom read (16 bytes read, 3 bits of entropy available)
[   16.060650] random: udevadm: uninitialized urandom read (16 bytes read, 3 bits of entropy available)
[   16.060680] random: udevadm: uninitialized urandom read (16 bytes read, 3 bits of entropy available)
[   16.060709] random: udevadm: uninitialized urandom read (16 bytes read, 3 bits of entropy available)
[   16.060736] random: udevadm: uninitialized urandom read (16 bytes read, 3 bits of entropy available)
[   16.060761] random: udevadm: uninitialized urandom read (16 bytes read, 3 bits of entropy available)
[   16.060787] random: udevadm: uninitialized urandom read (16 bytes read, 3 bits of entropy available)
[   16.060812] random: udevadm: uninitialized urandom read (16 bytes read, 3 bits of entropy available)
[   17.044090] Fusion MPT base driver 3.04.20
[   17.072843] Copyright (c) 1999-2008 LSI Corporation
[   17.078395] e1000: Intel(R) PRO/1000 Network Driver - version 7.3.21-k8-NAPI
[   17.079286] e1000: Copyright (c) 1999-2006 Intel Corporation.
[   17.092762] AVX version of gcm_enc/dec engaged.
[   17.103898] AES CTR mode by8 optimization enabled
[   17.108743] Fusion MPT SPI Host driver 3.04.20
[   17.284108] input: ImExPS/2 Generic Explorer Mouse as /devices/platform/i8042/serio1/input/input4
[   17.585778] e1000 0000:00:03.0 eth0: (PCI:33MHz:32-bit) 02:14:68:3e:84:47
[   17.680713] e1000 0000:00:03.0 eth0: Intel(R) PRO/1000 Network Connection
[   17.766301] mptbase: ioc0: Initiating bringup
[   17.766688] e1000 0000:00:03.0 enp0s3: renamed from eth0
[   17.929971] ioc0: LSI53C1030 A0: Capabilities={Initiator}
[   18.295524] scsi host2: ioc0: LSI53C1030 A0, FwRev=00000000h, Ports=1, MaxQ=256, IRQ=20
[   18.675234] scsi 2:0:0:0: Direct-Access     VBOX     HARDDISK         1.0  PQ: 0 ANSI: 5
[   18.803320] scsi target2:0:0: Beginning Domain Validation
[   18.873136] scsi target2:0:0: Domain Validation skipping write tests
[   18.939357] scsi target2:0:0: Ending Domain Validation
[   18.960580] scsi target2:0:0: asynchronous
[   19.064605] scsi 2:0:1:0: Direct-Access     VBOX     HARDDISK         1.0  PQ: 0 ANSI: 5
[   19.208331] scsi target2:0:1: Beginning Domain Validation
[   19.301301] scsi target2:0:1: Domain Validation skipping write tests
[   19.445382] scsi target2:0:1: Ending Domain Validation
[   19.575785] scsi target2:0:1: asynchronous
[   19.583623] sd 2:0:0:0: [sda] 20971520 512-byte logical blocks: (10.7 GB/10.0 GiB)
[   19.607236] sd 2:0:0:0: Attached scsi generic sg0 type 0
[   19.607291] sd 2:0:0:0: [sda] Write Protect is off
[   19.607340] sd 2:0:0:0: [sda] Incomplete mode parameter data
[   19.607341] sd 2:0:0:0: [sda] Assuming drive cache: write through
[   19.607942]  sda: sda1
[   19.608304] sd 2:0:0:0: [sda] Attached SCSI disk
[   19.700484] sd 2:0:1:0: Attached scsi generic sg1 type 0
[   19.700596] sd 2:0:1:0: [sdb] 20480 512-byte logical blocks: (10.5 MB/10.0 MiB)
[   19.700680] sd 2:0:1:0: [sdb] Write Protect is off
[   19.700735] sd 2:0:1:0: [sdb] Incomplete mode parameter data
[   19.700736] sd 2:0:1:0: [sdb] Assuming drive cache: write through
[   19.702641] sd 2:0:1:0: [sdb] Attached SCSI disk
[   20.110959] floppy0: no floppy controllers found
Begin: Loading e[   21.415082] md: linear personality registered for level -1
ssential drivers ... [   21.440824] md: multipath personality registered for level -4
[   21.459749] md: raid0 personality registered for level 0
[   21.528285] md: raid1 personality registered for level 1
[   21.606629] raid6: sse2x1   gen() 10891 MB/s
[   21.690658] raid6: sse2x1   xor()  8340 MB/s
[   21.806684] raid6: sse2x2   gen() 14412 MB/s
[   21.938622] raid6: sse2x2   xor()  9530 MB/s
[   22.034898] raid6: sse2x4   gen() 15916 MB/s
[   22.110668] raid6: sse2x4   xor() 11708 MB/s
[   22.125292] raid6: using algorithm sse2x4 gen() 15916 MB/s
[   22.126034] raid6: .... xor() 11708 MB/s, rmw enabled
[   22.126675] raid6: using ssse3x2 recovery algorithm
[   22.196657] xor: automatically using best checksumming function:
[   22.334969]    avx       : 23212.000 MB/sec
[   22.374603] async_tx: api initialized (async)
[   22.425184] md: raid6 personality registered for level 6
[   22.452844] md: raid5 personality registered for level 5
[   22.453547] md: raid4 personality registered for level 4
[   22.457931] md: raid10 personality registered for level 10
done.
Begin: Running /scripts/init-premount ...[   22.568758] Btrfs loaded
 done.
Begin: Mounting root file system ... Begin: Running /scripts/local-top ... done.
Begin: Running /scripts/local-premount ... Scanning for Btrfs filesystems
done.
Warning: fsck not present, so skipping root file system
[   22.640458] EXT4-fs (sda1): mounted filesystem with ordered data mode. Opts: (null)
done.
Begin: Running /scripts/local-bottom ... done.
Begin: Running /scripts/init-bottom ... done.
[   22.750983] systemd[1]: systemd 229 running in system mode. (+PAM +AUDIT +SELINUX +IMA +APPARMOR +SMACK +SYSVINIT +UTMP +LIBCRYPTSETUP +GCRYPT +GNUTLS +ACL +XZ -LZ4 +SECCOMP +BLKID +ELFUTILS +KMOD -IDN)
[   22.938588] systemd[1]: Detected virtualization oracle.
[   22.985395] systemd[1]: Detected architecture x86-64.

Welcome to [1mUbuntu 16.04.3 LTS[0m!

[   23.052500] systemd[1]: Set hostname to <ubuntu-xenial>.
[   23.200761] systemd[1]: Listening on Journal Socket.
[[0;32m  OK  [0m] Listening on Journal Socket.
[   23.306939] systemd[1]: Set up automount Arbitrary Executable File Formats File System Automount Point.
[[0;32m  OK  [0m] Set up automount Arbitrary Executab...ats File System Automount Point.
[   23.492907] systemd[1]: Listening on udev Kernel Socket.
[[0;32m  OK  [0m] Listening on udev Kernel Socket.
[   23.595284] systemd[1]: Listening on Syslog Socket.
[[0;32m  OK  [0m] Listening on Syslog Socket.
[   23.733052] systemd[1]: Reached target Swap.
[[0;32m  OK  [0m] Reached target Swap.
[   23.827034] systemd[1]: Created slice User and Session Slice.
[[0;32m  OK  [0m] Created slice User and Session Slice.
[   23.910926] systemd[1]: Reached target Encrypted Volumes.
[[0;32m  OK  [0m] Reached target Encrypted Volumes.
[   23.951138] systemd[1]: Listening on Device-mapper event daemon FIFOs.
[[0;32m  OK  [0m] Listening on Device-mapper event daemon FIFOs.
[   24.065752] systemd[1]: Reached target User and Group Name Lookups.
[[0;32m  OK  [0m] Reached target User and Group Name Lookups.
[   24.167213] systemd[1]: Listening on udev Control Socket.
[[0;32m  OK  [0m] Listening on udev Control Socket.
[   24.271728] systemd[1]: Started Trigger resolvconf update for networkd DNS.
[[0;32m  OK  [0m] Started Trigger resolvconf update for networkd DNS.
[   24.415426] systemd[1]: Listening on LVM2 poll daemon socket.
[[0;32m  OK  [0m] Listening on LVM2 poll daemon socket.
[   24.555308] systemd[1]: Listening on Journal Socket (/dev/log).
[[0;32m  OK  [0m] Listening on Journal Socket (/dev/log).
[   24.619915] systemd[1]: Listening on Journal Audit Socket.
[[0;32m  OK  [0m] Listening on Journal Audit Socket.
[   24.671508] systemd[1]: Listening on /dev/initctl Compatibility Named Pipe.
[[0;32m  OK  [0m] Listening on /dev/initctl Compatibility Named Pipe.
[   24.762647] systemd[1]: Listening on LVM2 metadata daemon socket.
[[0;32m  OK  [0m] Listening on LVM2 metadata daemon socket.
[   24.799574] systemd[1]: Started Forward Password Requests to Wall Directory Watch.
[[0;32m  OK  [0m] Started Forward Password Requests to Wall Directory Watch.
[   24.899860] systemd[1]: Created slice System Slice.
[[0;32m  OK  [0m] Created slice System Slice.
[   25.019593] systemd[1]: Starting Remount Root and Kernel File Systems...
[   25.031058] EXT4-fs (sda1): re-mounted. Opts: (null)
         Starting Remount Root and Kernel File Systems...
[   25.177213] systemd[1]: Created slice system-serial\x2dgetty.slice.
[[0;32m  OK  [0m] Created slice system-serial\x2dgetty.slice.
[   25.275657] systemd[1]: Mounting Huge Pages File System...
         Mounting Huge Pages File System...
[   25.371420] systemd[1]: Reached target Slices.
[[0;32m  OK  [0m] Reached target Slices.
[   25.403736] systemd[1]: Starting Journal Service...
         Starting Journal Service...
[   25.420357] systemd[1]: Starting Monitoring of LVM2 mirrors, snapshots etc. using dmeventd or progress polling...
         Starting Monitoring of LVM2 mirrors... dmeventd or progress polling...
[   25.543484] systemd[1]: Starting Load Kernel Modules...
         Startin[   25.598905] Loading iSCSI transport class v2.0-870.
g Load Kernel Modules...
[   25.713739] random: nonblocking pool is initialized
[   25.713780] systemd[1]: Starting Create list of required static device nodes for the current kernel...
         Starting Create list of required st... nodes for the current kernel...[   25.813339] iscsi: registered transport (tcp)

[   25.835560] systemd[1]: Starting Set console keymap...
         Starting Set console keymap...
[   25.853503] iscsi: registered transport (iser)
[   25.878740] systemd[1]: Mounting POSIX Message Queue File System...
         Mounting POSIX Message Queue File System...
[   25.893869] systemd[1]: Starting Nameserver information manager...
         Starting Nameserver information manager...
[   25.991182] systemd[1]: Mounting Debug File System...
         Mounting Debug File System...
[   26.023860] systemd[1]: Starting Uncomplicated firewall...
         Starting Uncomplicated firewall...
[   26.107990] systemd[1]: Mounted Debug File System.
[[0;32m  OK  [0m] Mounted Debug File System.
[   26.203398] systemd[1]: Mounted Huge Pages File System.
[[0;32m  OK  [0m] Mounted Huge Pages File System.
[   26.310877] systemd[1]: Mounted POSIX Message Queue File System.
[[0;32m  OK  [0m] Mounted POSIX Message Queue File System.
[   26.415622] systemd[1]: Started Journal Service.
[[0;32m  OK  [0m] Started Journal Service.
[[0;32m  OK  [0m] Started Remount Root and Kernel File Systems.
[[0;32m  OK  [0m] Started Load Kernel Modules.
[[0;32m  OK  [0m] Started Create list of required sta...ce nodes for the current kernel.
[[0;32m  OK  [0m] Started Set console keymap.
[[0;32m  OK  [0m] Started Uncomplicated firewall.
[[0;32m  OK  [0m] Started Nameserver information manager.
[[0;32m  OK  [0m] Started LVM2 metadata daemon.
         Starting Create Static Device Nodes in /dev...
         Mounting FUSE Control File System...
         Starting Apply Kernel Variables...
         Starting udev Coldplug all Devices...
         Starting Initial cloud-init job (pre-networking)...
         Starting Load/Save Random Seed...
         Starting Flush Journal to Persistent Storage...
[[0;32m  OK  [0m] Mounted FUSE Control File System.
[[0;32m  OK  [0m] Started Monitoring of LVM2 mirrors,...ng dmeventd or progress polling.
[[0;32m  OK  [0m] Started Create Static Device Nodes in /dev.
[[0;32m  OK  [0m] Started Apply Kernel Variables.
[[0;32m  OK  [0m] Started Load/Save Random Seed.
[[0;32m  OK  [0m] Started udev Coldplug all Devices.
[[0;32m  OK  [0m] Started Flush Journal to Persistent Storage.
         Starting udev Kernel Device Manager...
[[0;32m  OK  [0m] Started udev Kernel Device Manager.
[[0;32m  OK  [0m] Started Dispatch Password Requests to Console Directory Watch.
[[0;32m  OK  [0m] Reached target Local File Systems (Pre).
[[0;32m  OK  [0m] Reached target Local File Systems.
         Starting Tell Plymouth To Write Out Runtime Data...
         Starting LSB: AppArmor initialization...
         Starting Create Volatile Files and Directories...
         Starting Set console font and keymap...
[[0;32m  OK  [0m] Started Tell Plymouth To Write Out Runtime Data.
[[0;32m  OK  [0m] Started Create Volatile Files and Directories.
[[0;32m  OK  [0m] Found device /dev/ttyS0.
         Starting Update UTMP about System Boot/Shutdown...
[[0;32m  OK  [0m] Reached target System Time Synchronized.
[   18.315956] cloud-init[452]: Cloud-init v. 0.7.9 running 'init-local' at Thu, 19 Oct 2017 15:25:59 +0000. Up 17.95 seconds.
[[0;32m  OK  [0m] Started LSB: AppArmor initialization.
[[0;32m  OK  [0m] Started Initial cloud-init job (pre-networking).
[[0;32m  OK  [0m] Started Update UTMP about System Boot/Shutdown.
[[0;32m  OK  [0m] Started Set console font and keymap.
[[0;32m  OK  [0m] Created slice system-getty.slice.
[[0;32m  OK  [0m] Listening on Load/Save RF Kill Switch Status /dev/rfkill Watch.
[[0;32m  OK  [0m] Reached target Network (Pre).
[[0;32m  OK  [0m] Started ifup for enp0s3.
         Starting Raise network interfaces...
[[0;32m  OK  [0m] Started Raise network interfaces.
[[0;32m  OK  [0m] Reached target Network.
         Starting Initial cloud-init job (metadata service crawler)...
[   21.532854] cloud-init[965]: Cloud-init v. 0.7.9 running 'init' at Thu, 19 Oct 2017 15:26:03 +0000. Up 21.33 seconds.
[[0;32m  OK  [0m] Started Initial cloud-init job (metadata service crawler).
[[0;32m  OK  [0m] Reached target Network is Online.
[   21.615035] cloud-init[965]: ci-info: +++++++++++++++++++++++++++++++++++++Net device info++++++++++++++++++++++++++++++++++++++
[   21.856443] cloud-init[965]: ci-info: +--------+------+----------------------------+---------------+-------+-------------------+
[   21.964967] cloud-init[965]: ci-info: | Device |  Up  |          Address           |      Mask     | Scope |     Hw-Address    |
[   22.108752] cloud-init[965]: ci-info: +--------+------+----------------------------+---------------+-------+-------------------+
[   22.210748] cloud-init[965]: ci-info: | enp0s3 | True |         10.0.2.15          | 255.255.255.0 |   .   | 02:14:68:3e:84:47 |
[   22.297482] cloud-init[965]: ci-info: | enp0s3 | True | fe80::14:68ff:fe3e:8447/64 |       .       |  link | 02:14:68:3e:84:47 |
[   22.436313] cloud-init[965]: ci-info: |   lo   | True |         127.0.0.1          |   255.0.0.0   |   .   |         .         |
         Starting iSCSI initiator daemon (iscsid)...
[[0;32m  OK  [0m] Reached target System Initialization.
[[0;32m  OK  [0m] Listening on UUID daemon activation socket.
[   22.531541] cloud-init[965]: ci-info: |   lo   | True |          ::1/128           |       .       |  host |         .         |
[   22.852702] cloud-init[965]: ci-info: +--------+------+----------------------------+---------------+-------+-------------------+
[   22.874817] cloud-init[965]: ci-info: +++++++++++++++++++++++++++Route IPv4 info++++++++++++++++++++++++++++
[   22.960287] cloud-init[965]: ci-info: +-------+-------------+----------+---------------+-----------+-------+
[   23.054135] cloud-init[965]: ci-info: | Route | Destination | Gateway  |    Genmask    | Interface | Flags |
[   23.153014] cloud-init[965]: ci-info: +-------+-------------+----------+---------------+-----------+-------+
[   23.262436] cloud-init[965]: ci-info: |   0   |   0.0.0.0   | 10.0.2.2 |    0.0.0.0    |   enp0s3  |   UG  |
[   23.347611] cloud-init[965]: ci-info: |   1   |   10.0.2.0  | 0.0.0.0  | 255.255.255.0 |   enp0s3  |   U   |
[[0;32m  OK  [0m] Started Timer to automatically fetch and run repair assertions.
[   23.444915] cloud-init[965]: ci-info: +-------+-------------+----------+---------------+-----------+-------+
         Starting LXD - unix socket.
[[0;32m  OK  [0m] Listening on D-Bus System Message Bus Socket.
[[0;32m  OK  [0m] Listening on ACPID Listen Socket.
[[0;32m  OK  [0m] Started Daily apt download activities.
[[0;32m  OK  [0m] Started Daily apt upgrade and clean activities.
[[0;32m  OK  [0m] Started ACPI Events Check.
[[0;32m  OK  [0m] Reached target Paths.
[[0;32m  OK  [0m] Started Timer to automatically refresh installed snaps.
[[0;32m  OK  [0m] Started Daily Cleanup of Temporary Directories.
[[0;32m  OK  [0m] Reached target Timers.
         Starting Socket activation for snappy daemon.
[[0;32m  OK  [0m] Reached target Cloud-config availability.
[[0;32m  OK  [0m] Listening on LXD - unix socket.
[[0;32m  OK  [0m] Listening on Socket activation for snappy daemon.
[[0;32m  OK  [0m] Started iSCSI initiator daemon (iscsid).
         Starting Login to default iSCSI targets...
[[0;32m  OK  [0m] Reached target Sockets.
[[0;32m  OK  [0m] Reached target Basic System.
         Starting MySQL Community Server...
         Starting LSB: Record successful boot for GRUB...
[[0;32m  OK  [0m] Started ACPI event daemon.
[[0;32m  OK  [0m] Started D-Bus System Message Bus.
[[0;32m  OK  [0m] Started Regular background program processing daemon.
         Starting Accounts Service...
         Starting Login Service...
         Starting OpenBSD Secure Shell server...
         Starting LSB: MD monitoring daemon...
         Starting System Logging Service...
[[0;32m  OK  [0m] Started Deferred execution scheduler.
         Starting Snappy daemon...
[[0;32m  OK  [0m] Started FUSE filesystem for LXC.
         Starting Apply the settings specified in cloud-config...
[[0;32m  OK  [0m] Started Unattended Upgrades Shutdown.
         Starting /etc/rc.local Compatibility...
         Starting LXD - container startup/shutdown...
[[0;32m  OK  [0m] Started OpenBSD Secure Shell server.
[[0;32m  OK  [0m] Started System Logging Service.
[[0;32m  OK  [0m] Started Snappy daemon.
[[0;32m  OK  [0m] Started /etc/rc.local Compatibility.
[[0;32m  OK  [0m] Started LXD - container startup/shutdown.
[[0;32m  OK  [0m] Started Login to default iSCSI targets.
[[0;32m  OK  [0m] Started LSB: Record successful boot for GRUB.
[[0;32m  OK  [0m] Started LSB: MD monitoring daemon.
[[0;32m  OK  [0m] Started Login Service.
         Starting Authenticate and Authorize Users to Run Privileged Tasks...
[[0;32m  OK  [0m] Reached target Remote File Systems (Pre).
[[0;32m  OK  [0m] Reached target Remote File Systems.
[   25.663334] cloud-init[1074]: Cloud-init v. 0.7.9 running 'modules:config' at Thu, 19 Oct 2017 15:26:07 +0000. Up 25.39 seconds.
         Starting LSB: Set the CPU Frequency Scaling governor to "ondemand"...
         Starting LSB: VirtualBox Linux Additions...
         Starting LSB: daemon to balance interrupts for SMP systems...
         Starting Permit User Sessions...
         Starting LSB: automatic crash report generation...
         Starting Auto import assertions from block devices...
[[0;32m  OK  [0m] Started Apply the settings specified in cloud-config.
[[0;32m  OK  [0m] Started Permit User Sessions.
[[0;32m  OK  [0m] Started Auto import assertions from block devices.
[[0;32m  OK  [0m] Started Authenticate and Authorize Users to Run Privileged Tasks.
[[0;32m  OK  [0m] Started Accounts Service.
[[0;32m  OK  [0m] Started LSB: Set the CPU Frequency Scaling governor to "ondemand".
[[0;32m  OK  [0m] Started LSB: VirtualBox Linux Additions.
[[0;32m  OK  [0m] Started LSB: daemon to balance interrupts for SMP systems.
[[0;32m  OK  [0m] Started LSB: automatic crash report generation.
[[0;32m  OK  [0m] Created slice User Slice of ubuntu.
[[0;32m  OK  [0m] Started Session 1 of user ubuntu.
         Starting User Manager for UID 1000...
         Starting Terminate Plymouth Boot Screen...
         Starting Hold until boot process finishes up...
[[0;32m  OK  [0m] Started User Manager for UID 1000.
[[0;32m  OK  [0m] Started MySQL Community Server.
[[0;32m  OK  [0m] Started Terminate Plymouth Boot Screen.
[[0;32m  OK  [0m] Started Hold until boot process finishes up.
         Starting Set console scheme...
[[0;32m  OK  [0m] Started Getty on tty1.
[[0;32m  OK  [0m] Started Serial Getty on ttyS0.
[[0;32m  OK  [0m] Reached target Login Prompts.
[[0;32m  OK  [0m] Reached target Multi-User System.
         Starting Execute cloud user/final scripts...
[[0;32m  OK  [0m] Reached target Graphical Interface.
         Starting Update UTMP about System Runlevel Changes...
[[0;32m  OK  [0m] Started Set console scheme.
[[0;32m  OK  [0m] Started Update UTMP about System Runlevel Changes.
[   27.127633] cloud-init[1259]: Cloud-init v. 0.7.9 running 'modules:final' at Thu, 19 Oct 2017 15:26:08 +0000. Up 27.03 seconds.
[   27.157123] cloud-init[1259]: Cloud-init v. 0.7.9 finished at Thu, 19 Oct 2017 15:26:09 +0000. Datasource DataSourceNoCloud [seed=/dev/sdb][dsmode=net].  Up 27.12 seconds
[[0;32m  OK  [0m] Started Execute cloud user/final scripts.
[[0;32m  OK  [0m] Reached target Cloud-init target.

Ubuntu 16.04.3 LTS ubuntu-xenial ttyS0

ubuntu-xenial login: 